{
  "RSpec": {
    "coverage": {
      "/Users/minhtienvu/Desktop/code/rails/oivan_url_shortener/config/environment.rb": {
        "lines": [
          null,
          1,
          null,
          null,
          1
        ]
      },
      "/Users/minhtienvu/Desktop/code/rails/oivan_url_shortener/config/application.rb": {
        "lines": [
          1,
          null,
          1,
          null,
          null,
          null,
          1,
          null,
          1,
          1,
          null,
          1,
          null,
          null,
          null,
          null,
          null,
          null,
          null,
          null,
          null,
          null
        ]
      },
      "/Users/minhtienvu/Desktop/code/rails/oivan_url_shortener/config/boot.rb": {
        "lines": [
          1,
          null,
          1,
          1
        ]
      },
      "/Users/minhtienvu/Desktop/code/rails/oivan_url_shortener/config/environments/test.rb": {
        "lines": [
          1,
          null,
          null,
          null,
          null,
          null,
          null,
          1,
          null,
          null,
          null,
          1,
          null,
          null,
          null,
          null,
          1,
          null,
          null,
          1,
          1,
          null,
          null,
          null,
          null,
          1,
          1,
          1,
          null,
          null,
          1,
          null,
          null,
          1,
          null,
          null,
          1,
          null,
          1,
          null,
          null,
          null,
          null,
          1,
          null,
          null,
          1,
          null,
          null,
          1,
          null,
          null,
          1,
          null,
          null,
          null,
          null,
          null,
          null,
          null
        ]
      },
      "/Users/minhtienvu/Desktop/code/rails/oivan_url_shortener/config/initializers/assets.rb": {
        "lines": [
          null,
          null,
          null,
          1,
          null,
          null,
          null,
          null,
          null,
          null,
          null,
          null
        ]
      },
      "/Users/minhtienvu/Desktop/code/rails/oivan_url_shortener/config/initializers/content_security_policy.rb": {
        "lines": [
          null,
          null,
          null,
          null,
          null,
          null,
          null,
          null,
          null,
          null,
          null,
          null,
          null,
          null,
          null,
          null,
          null,
          null,
          null,
          null,
          null,
          null,
          null,
          null,
          null
        ]
      },
      "/Users/minhtienvu/Desktop/code/rails/oivan_url_shortener/config/initializers/filter_parameter_logging.rb": {
        "lines": [
          null,
          null,
          null,
          null,
          null,
          1,
          null,
          null
        ]
      },
      "/Users/minhtienvu/Desktop/code/rails/oivan_url_shortener/config/initializers/inflections.rb": {
        "lines": [
          null,
          null,
          null,
          null,
          null,
          null,
          null,
          null,
          null,
          null,
          null,
          null,
          null,
          null,
          null,
          null
        ]
      },
      "/Users/minhtienvu/Desktop/code/rails/oivan_url_shortener/config/initializers/permissions_policy.rb": {
        "lines": [
          null,
          null,
          null,
          null,
          null,
          null,
          null,
          null,
          null,
          null,
          null
        ]
      },
      "/Users/minhtienvu/Desktop/code/rails/oivan_url_shortener/config/routes.rb": {
        "lines": [
          1,
          null,
          null,
          null,
          null,
          null,
          1,
          null,
          1,
          1,
          1,
          null,
          null,
          1,
          1,
          null,
          1,
          1,
          null,
          1,
          null
        ]
      },
      "/Users/minhtienvu/Desktop/code/rails/oivan_url_shortener/app/helpers/application_helper.rb": {
        "lines": [
          1,
          null
        ]
      },
      "/Users/minhtienvu/Desktop/code/rails/oivan_url_shortener/app/helpers/authentication_helper.rb": {
        "lines": [
          1,
          null
        ]
      },
      "/Users/minhtienvu/Desktop/code/rails/oivan_url_shortener/app/helpers/link_helper.rb": {
        "lines": [
          1,
          1,
          null,
          0,
          null,
          null,
          null,
          null,
          null,
          1,
          null,
          0,
          null,
          null,
          null
        ]
      },
      "/Users/minhtienvu/Desktop/code/rails/oivan_url_shortener/app/helpers/redirect_route_helper.rb": {
        "lines": [
          1,
          1,
          0,
          0,
          null,
          null
        ]
      },
      "/Users/minhtienvu/Desktop/code/rails/oivan_url_shortener/app/controllers/api/external/application_controller.rb": {
        "lines": [
          1,
          1,
          null,
          1,
          null,
          1,
          0,
          null,
          null,
          null,
          null,
          null,
          1,
          0,
          null,
          null,
          null,
          null,
          1,
          null,
          1,
          0,
          0,
          0,
          0,
          null,
          null
        ]
      },
      "/Users/minhtienvu/Desktop/code/rails/oivan_url_shortener/app/controllers/concerns/json_web_token.rb": {
        "lines": [
          1,
          null,
          1,
          1,
          null,
          null,
          1,
          null,
          1,
          0,
          0,
          null,
          null,
          1,
          0,
          null,
          0,
          null,
          0,
          null,
          null
        ]
      },
      "/Users/minhtienvu/Desktop/code/rails/oivan_url_shortener/app/controllers/api/external/authentication_controller.rb": {
        "lines": [
          1,
          1,
          null,
          1,
          null,
          1,
          null,
          0,
          null,
          0,
          0,
          0,
          null,
          0,
          null,
          null,
          null
        ]
      },
      "/Users/minhtienvu/Desktop/code/rails/oivan_url_shortener/app/controllers/api/external/links_controller.rb": {
        "lines": [
          1,
          null,
          1,
          null,
          1,
          null,
          1,
          0,
          null,
          0,
          0,
          null,
          0,
          null,
          null,
          null,
          1,
          0,
          null,
          0,
          0,
          null,
          0,
          null,
          null,
          null,
          1,
          null,
          1,
          0,
          null,
          0,
          null,
          null
        ]
      },
      "/Users/minhtienvu/Desktop/code/rails/oivan_url_shortener/app/controllers/base_controller.rb": {
        "lines": [
          1,
          null,
          1,
          0,
          null,
          null,
          null,
          null,
          null,
          1,
          0,
          null,
          null,
          null,
          null
        ]
      },
      "/Users/minhtienvu/Desktop/code/rails/oivan_url_shortener/app/controllers/application_controller.rb": {
        "lines": [
          1,
          null,
          1,
          null
        ]
      },
      "/Users/minhtienvu/Desktop/code/rails/oivan_url_shortener/app/controllers/links_controller.rb": {
        "lines": [
          1,
          null,
          1,
          null,
          1,
          null,
          null,
          1,
          0,
          null,
          0,
          0,
          null,
          0,
          null,
          null,
          null,
          1,
          0,
          null,
          0,
          0,
          null,
          0,
          null,
          null,
          null,
          1,
          null,
          1,
          0,
          null,
          0,
          null,
          null
        ]
      },
      "/Users/minhtienvu/Desktop/code/rails/oivan_url_shortener/app/controllers/users_controller.rb": {
        "lines": [
          1,
          1,
          null,
          1,
          0,
          0,
          null,
          null,
          1,
          0,
          null,
          null,
          1,
          0,
          null,
          0,
          0,
          null,
          0,
          null,
          null,
          null,
          1,
          0,
          0,
          null,
          null,
          null,
          1,
          0,
          0,
          null,
          0,
          null,
          null,
          null,
          1,
          null,
          1,
          0,
          null,
          null,
          1,
          0,
          0,
          null,
          null
        ]
      },
      "/Users/minhtienvu/Desktop/code/rails/oivan_url_shortener/app/models/user.rb": {
        "lines": [
          1,
          null,
          null,
          1,
          null,
          1,
          1,
          1,
          null
        ]
      },
      "/Users/minhtienvu/Desktop/code/rails/oivan_url_shortener/app/models/application_record.rb": {
        "lines": [
          1,
          1,
          null
        ]
      }
    },
    "timestamp": 1677482417
  }
}
